<?xml version="1.0" encoding="UTF-8"?>
<testsuite xmlns:xsi="http://www.w3.org/2001/XMLSchema-instance" xsi:noNamespaceSchemaLocation="https://maven.apache.org/surefire/maven-surefire-plugin/xsd/surefire-test-report.xsd" name="org.generation.italy.CalculatorTest" time="0.061" tests="4" errors="0" skipped="0" failures="1">
  <properties>
[...]
</properties>
  <testcase name="testMultiplication" classname="org.generation.italy.CalculatorTest" time="0.019"/>
  <testcase name="testAddition" classname="org.generation.italy.CalculatorTest" time="0.001"/>
  <testcase name="testDivision" classname="org.generation.italy.CalculatorTest" time="0.011">
    <failure message="Non è possibile dividere per 0 ==&gt; expected: &lt;1.0&gt; but was: &lt;Infinity&gt;" type="org.opentest4j.AssertionFailedError"><![CDATA[org.opentest4j.AssertionFailedError: Non è possibile dividere per 0 ==> expected: <1.0> but was: <Infinity>
	at org.generation.italy.CalculatorTest.testDivision(CalculatorTest.java:49)
]]></failure>
  </testcase>
  <testcase name="testSubtraction" classname="org.generation.italy.CalculatorTest" time="0.001"/>
</testsuite>